

***********************************************************************
Fatal NI connect error 12514, connecting to:
 (DESCRIPTION=(ADDRESS=(PROTOCOL=TCP)(HOST=AngelMan)(PORT=1521))(CONNECT_DATA=(SERVER=DEDICATED)(SERVICE_NAME=orcl)(CID=(PROGRAM=D:\My?Documents\ScoreSolutions\DalLib\GenerateCode\bin\Debug\GenerateCode.vshost.exe)(HOST=ANGELMAN)(USER=Administrator))))

  VERSION INFORMATION:
	TNS for 32-bit Windows: Version 10.2.0.3.0 - Production
	Windows NT TCP/IP NT Protocol Adapter for 32-bit Windows: Version 10.2.0.3.0 - Production
  Time: 23-ก.ย. -2010 14:11:05
  Tracing not turned on.
  Tns error struct:
    ns main err code: 12564
    TNS-12564: TNS: ปฏิเสธการเชื่อมต่อ
    ns secondary err code: 0
    nt main err code: 0
    nt secondary err code: 0
    nt OS err code: 0


***********************************************************************
Fatal NI connect error 12541, connecting to:
 (DESCRIPTION=(CONNECT_DATA=(SERVICE_NAME=192.168.41.167)(CID=(PROGRAM=D:\My?Documents\ScoreSolutions\DalLib\GenerateCode\bin\Debug\GenerateCode.vshost.exe)(HOST=ANGELMAN)(USER=Administrator)))(ADDRESS=(PROTOCOL=TCP)(HOST=192.168.41.167)(PORT=1521)))

  VERSION INFORMATION:
	TNS for 32-bit Windows: Version 10.2.0.3.0 - Production
	Windows NT TCP/IP NT Protocol Adapter for 32-bit Windows: Version 10.2.0.3.0 - Production
  Time: 23-ก.ย. -2010 14:25:12
  Tracing not turned on.
  Tns error struct:
    ns main err code: 12541
    TNS-12541: TNS: ไม่มีลิสเทนเนอร์
    ns secondary err code: 12560
    nt main err code: 511
    TNS-00511: ไม่มีลิสเทนเนอร์
    nt secondary err code: 61
    nt OS err code: 0
